<?xml version="1.0" encoding="UTF-8"?>
<!-- Generated by org.testng.reporters.JUnitReportReporter -->
<testsuite hostname="DESKTOP-FHRGPS3" failures="0" tests="2" name="test.ExtentReportsDemoWithTestNG" time="0.509" errors="0" timestamp="2022-05-27T14:32:12 EDT" skipped="0">
  <testcase classname="test.ExtentReportsDemoWithTestNG" name="test2" time="0.001"/>
  <system-out/>
  <testcase classname="test.ExtentReportsDemoWithTestNG" name="test1" time="0.508"/>
  <system-out/>
</testsuite> <!-- test.ExtentReportsDemoWithTestNG -->
