<?xml version="1.0" encoding="UTF-8"?>
<!-- Generated by org.testng.reporters.JUnitReportReporter -->
<testsuite hostname="DESKTOP-FHRGPS3" failures="0" tests="1" name="test.TestNG_Demo" time="3.743" errors="0" timestamp="2022-05-30T14:47:02 EDT" skipped="0">
  <testcase classname="test.TestNG_Demo" name="googleSearch" time="3.743"/>
  <system-out/>
</testsuite> <!-- test.TestNG_Demo -->
